#
# There is insufficient memory for the Java Runtime Environment to continue.
# Native memory allocation (malloc) failed to allocate 1792928 bytes. Error detail: Chunk::new
# Possible reasons:
#   The system is out of physical RAM or swap space
#   This process is running with CompressedOops enabled, and the Java Heap may be blocking the growth of the native heap
# Possible solutions:
#   Reduce memory load on the system
#   Increase physical memory or swap space
#   Check if swap backing store is full
#   Decrease Java heap size (-Xmx/-Xms)
#   Decrease number of Java threads
#   Decrease Java thread stack sizes (-Xss)
#   Set larger code cache with -XX:ReservedCodeCacheSize=
#   JVM is running with Unscaled Compressed Oops mode in which the Java heap is
#     placed in the first 4GB address space. The Java Heap base address is the
#     maximum limit for the native heap growth. Please use -XX:HeapBaseMinAddress
#     to set the Java Heap base and to place the Java Heap above 4GB virtual address.
# This output file may be truncated or incomplete.
#
#  Out of Memory Error (arena.cpp:168), pid=9976, tid=8396
#
# JRE version: OpenJDK Runtime Environment Temurin-21.0.7+6 (21.0.7+6) (build 21.0.7+6-LTS)
# Java VM: OpenJDK 64-Bit Server VM Temurin-21.0.7+6 (21.0.7+6-LTS, mixed mode, sharing, tiered, compressed oops, compressed class ptrs, parallel gc, windows-amd64)
# No core dump will be written. Minidumps are not enabled by default on client versions of Windows
#

---------------  S U M M A R Y ------------

Command Line: --add-modules=ALL-SYSTEM --add-opens=java.base/java.util=ALL-UNNAMED --add-opens=java.base/java.lang=ALL-UNNAMED --add-opens=java.base/sun.nio.fs=ALL-UNNAMED -Declipse.application=org.eclipse.jdt.ls.core.id1 -Dosgi.bundles.defaultStartLevel=4 -Declipse.product=org.eclipse.jdt.ls.core.product -Djava.import.generatesMetadataFilesAtProjectRoot=false -DDetectVMInstallationsJob.disabled=true -Dfile.encoding=utf8 -XX:+UseParallelGC -XX:GCTimeRatio=4 -XX:AdaptiveSizePolicyWeight=90 -Dsun.zip.disableMemoryMapping=true -Xmx1G -Xms100m -Xlog:disable -javaagent:c:\Users\user\.cursor\extensions\redhat.java-1.42.0-win32-x64\lombok\lombok-1.18.36.jar -XX:+HeapDumpOnOutOfMemoryError -XX:HeapDumpPath=c:\Users\user\AppData\Roaming\Cursor\User\workspaceStorage\65b8532be40406c01fffb5a75766c800\redhat.java -Daether.dependencyCollector.impl=bf c:\Users\user\.cursor\extensions\redhat.java-1.42.0-win32-x64\server\plugins\org.eclipse.equinox.launcher_1.7.0.v20250424-1814.jar -configuration c:\Users\user\AppData\Roaming\Cursor\User\globalStorage\redhat.java\1.42.0\config_win -data c:\Users\user\AppData\Roaming\Cursor\User\workspaceStorage\65b8532be40406c01fffb5a75766c800\redhat.java\jdt_ws --pipe=\\.\pipe\lsp-59340528d7d2f0f9f55f00e81a746d62-sock

Host: 13th Gen Intel(R) Core(TM) i7-13700H, 20 cores, 7G,  Windows 10 , 64 bit Build 19041 (10.0.19041.5794)
Time: Thu Jun 12 16:11:26 2025 Egypt Daylight Time elapsed time: 10.879278 seconds (0d 0h 0m 10s)

---------------  T H R E A D  ---------------

Current thread (0x000001e6fce4cca0):  JavaThread "C2 CompilerThread0" daemon [_thread_in_native, id=8396, stack(0x00000065ffe00000,0x00000065fff00000) (1024K)]


Current CompileTask:
C2:10879 3804       4       java.lang.invoke.MethodType::makeImpl (109 bytes)

Stack: [0x00000065ffe00000,0x00000065fff00000]
Native frames: (J=compiled Java code, j=interpreted, Vv=VM code, C=native code)
V  [jvm.dll+0x6ce119]
V  [jvm.dll+0x8a84a1]
V  [jvm.dll+0x8aa9ce]
V  [jvm.dll+0x8ab0b3]
V  [jvm.dll+0x27f8a6]
V  [jvm.dll+0xc507d]
V  [jvm.dll+0xc55b3]
V  [jvm.dll+0x3b692c]
V  [jvm.dll+0x382aa5]
V  [jvm.dll+0x381f0a]
V  [jvm.dll+0x247af0]
V  [jvm.dll+0x2470cf]
V  [jvm.dll+0x1c760e]
V  [jvm.dll+0x25695a]
V  [jvm.dll+0x254efa]
V  [jvm.dll+0x3f03f6]
V  [jvm.dll+0x851f6b]
V  [jvm.dll+0x6cc7dd]
C  [ucrtbase.dll+0x21bb2]
C  [KERNEL32.DLL+0x17374]
C  [ntdll.dll+0x4cc91]


---------------  P R O C E S S  ---------------

Threads class SMR info:
_java_thread_list=0x000001e6c66bb970, length=42, elements={
0x000001e6e8a54a70, 0x000001e6fce407a0, 0x000001e6fce416b0, 0x000001e6fce43860,
0x000001e6fce46680, 0x000001e6fce4c250, 0x000001e6fe54c9e0, 0x000001e6fce4cca0,
0x000001e6fce4e750, 0x000001e6fe54bcc0, 0x000001e6fe54b630, 0x000001e6fe54c350,
0x000001e6fe54d070, 0x000001e6fe54afa0, 0x000001e6fe54a910, 0x000001e6fe54d700,
0x000001e6fe54dd90, 0x000001e6c17b9d40, 0x000001e6c17bb780, 0x000001e6c17bdee0,
0x000001e6c17bffb0, 0x000001e6c17bbe10, 0x000001e6c17ba3d0, 0x000001e6c17be570,
0x000001e6c17baa60, 0x000001e6c17bc4a0, 0x000001e6c17bcb30, 0x000001e6c17bec00,
0x000001e6c17bd1c0, 0x000001e6c17bd850, 0x000001e6c17bf290, 0x000001e6c17bf920,
0x000001e6c17b9020, 0x000001e6c17bb0f0, 0x000001e6c17c0640, 0x000001e6c17b96b0,
0x000001e6c13ffdd0, 0x000001e6c1401ea0, 0x000001e6c14892c0, 0x000001e6c1400af0,
0x000001e6c1406040, 0x000001e6c1401180
}

Java Threads: ( => current thread )
  0x000001e6e8a54a70 JavaThread "main"                              [_thread_blocked, id=2436, stack(0x00000065ff400000,0x00000065ff500000) (1024K)]
  0x000001e6fce407a0 JavaThread "Reference Handler"          daemon [_thread_blocked, id=16728, stack(0x00000065ff800000,0x00000065ff900000) (1024K)]
  0x000001e6fce416b0 JavaThread "Finalizer"                  daemon [_thread_blocked, id=11640, stack(0x00000065ff900000,0x00000065ffa00000) (1024K)]
  0x000001e6fce43860 JavaThread "Signal Dispatcher"          daemon [_thread_blocked, id=11244, stack(0x00000065ffa00000,0x00000065ffb00000) (1024K)]
  0x000001e6fce46680 JavaThread "Attach Listener"            daemon [_thread_blocked, id=23200, stack(0x00000065ffb00000,0x00000065ffc00000) (1024K)]
  0x000001e6fce4c250 JavaThread "Service Thread"             daemon [_thread_blocked, id=17556, stack(0x00000065ffc00000,0x00000065ffd00000) (1024K)]
  0x000001e6fe54c9e0 JavaThread "Monitor Deflation Thread"   daemon [_thread_blocked, id=30128, stack(0x00000065ffd00000,0x00000065ffe00000) (1024K)]
=>0x000001e6fce4cca0 JavaThread "C2 CompilerThread0"         daemon [_thread_in_native, id=8396, stack(0x00000065ffe00000,0x00000065fff00000) (1024K)]
  0x000001e6fce4e750 JavaThread "C1 CompilerThread0"         daemon [_thread_in_native, id=21496, stack(0x00000065fff00000,0x0000006600000000) (1024K)]
  0x000001e6fe54bcc0 JavaThread "Common-Cleaner"             daemon [_thread_blocked, id=19484, stack(0x0000006580100000,0x0000006580200000) (1024K)]
  0x000001e6fe54b630 JavaThread "Notification Thread"        daemon [_thread_blocked, id=27848, stack(0x0000006580200000,0x0000006580300000) (1024K)]
  0x000001e6fe54c350 JavaThread "Equinox resolver thread - Equinox Container: 4ece87d0-9a7f-47ae-9bbb-49f39924cf3b" daemon [_thread_blocked, id=18864, stack(0x0000006580900000,0x0000006580a00000) (1024K)]
  0x000001e6fe54d070 JavaThread "Equinox resolver thread - Equinox Container: 4ece87d0-9a7f-47ae-9bbb-49f39924cf3b" daemon [_thread_blocked, id=13640, stack(0x0000006580a00000,0x0000006580b00000) (1024K)]
  0x000001e6fe54afa0 JavaThread "Equinox resolver thread - Equinox Container: 4ece87d0-9a7f-47ae-9bbb-49f39924cf3b" daemon [_thread_blocked, id=26632, stack(0x0000006580b00000,0x0000006580c00000) (1024K)]
  0x000001e6fe54a910 JavaThread "Equinox resolver thread - Equinox Container: 4ece87d0-9a7f-47ae-9bbb-49f39924cf3b" daemon [_thread_blocked, id=13424, stack(0x0000006580c00000,0x0000006580d00000) (1024K)]
  0x000001e6fe54d700 JavaThread "Equinox resolver thread - Equinox Container: 4ece87d0-9a7f-47ae-9bbb-49f39924cf3b" daemon [_thread_blocked, id=3016, stack(0x0000006580d00000,0x0000006580e00000) (1024K)]
  0x000001e6fe54dd90 JavaThread "Equinox resolver thread - Equinox Container: 4ece87d0-9a7f-47ae-9bbb-49f39924cf3b" daemon [_thread_blocked, id=25808, stack(0x0000006580e00000,0x0000006580f00000) (1024K)]
  0x000001e6c17b9d40 JavaThread "Active Thread: Equinox Container: 4ece87d0-9a7f-47ae-9bbb-49f39924cf3b"        [_thread_blocked, id=30120, stack(0x0000006580f00000,0x0000006581000000) (1024K)]
  0x000001e6c17bb780 JavaThread "Framework Event Dispatcher: Equinox Container: 4ece87d0-9a7f-47ae-9bbb-49f39924cf3b" daemon [_thread_blocked, id=1008, stack(0x0000006581000000,0x0000006581100000) (1024K)]
  0x000001e6c17bdee0 JavaThread "Start Level: Equinox Container: 4ece87d0-9a7f-47ae-9bbb-49f39924cf3b" daemon [_thread_in_Java, id=21836, stack(0x0000006581200000,0x0000006581300000) (1024K)]
  0x000001e6c17bffb0 JavaThread "Refresh Thread: Equinox Container: 4ece87d0-9a7f-47ae-9bbb-49f39924cf3b" daemon [_thread_blocked, id=13976, stack(0x0000006581300000,0x0000006581400000) (1024K)]
  0x000001e6c17bbe10 JavaThread "Equinox resolver thread - Equinox Container: 4ece87d0-9a7f-47ae-9bbb-49f39924cf3b" daemon [_thread_blocked, id=19880, stack(0x0000006581400000,0x0000006581500000) (1024K)]
  0x000001e6c17ba3d0 JavaThread "Equinox resolver thread - Equinox Container: 4ece87d0-9a7f-47ae-9bbb-49f39924cf3b" daemon [_thread_blocked, id=8232, stack(0x0000006581500000,0x0000006581600000) (1024K)]
  0x000001e6c17be570 JavaThread "Equinox resolver thread - Equinox Container: 4ece87d0-9a7f-47ae-9bbb-49f39924cf3b" daemon [_thread_blocked, id=15308, stack(0x0000006581600000,0x0000006581700000) (1024K)]
  0x000001e6c17baa60 JavaThread "Equinox resolver thread - Equinox Container: 4ece87d0-9a7f-47ae-9bbb-49f39924cf3b" daemon [_thread_blocked, id=14908, stack(0x0000006581700000,0x0000006581800000) (1024K)]
  0x000001e6c17bc4a0 JavaThread "Equinox resolver thread - Equinox Container: 4ece87d0-9a7f-47ae-9bbb-49f39924cf3b" daemon [_thread_blocked, id=10404, stack(0x0000006581800000,0x0000006581900000) (1024K)]
  0x000001e6c17bcb30 JavaThread "Equinox resolver thread - Equinox Container: 4ece87d0-9a7f-47ae-9bbb-49f39924cf3b" daemon [_thread_blocked, id=7448, stack(0x0000006581900000,0x0000006581a00000) (1024K)]
  0x000001e6c17bec00 JavaThread "Equinox resolver thread - Equinox Container: 4ece87d0-9a7f-47ae-9bbb-49f39924cf3b" daemon [_thread_blocked, id=25064, stack(0x0000006581a00000,0x0000006581b00000) (1024K)]
  0x000001e6c17bd1c0 JavaThread "Equinox resolver thread - Equinox Container: 4ece87d0-9a7f-47ae-9bbb-49f39924cf3b" daemon [_thread_blocked, id=23092, stack(0x0000006581b00000,0x0000006581c00000) (1024K)]
  0x000001e6c17bd850 JavaThread "Equinox resolver thread - Equinox Container: 4ece87d0-9a7f-47ae-9bbb-49f39924cf3b" daemon [_thread_blocked, id=22688, stack(0x0000006581c00000,0x0000006581d00000) (1024K)]
  0x000001e6c17bf290 JavaThread "Equinox resolver thread - Equinox Container: 4ece87d0-9a7f-47ae-9bbb-49f39924cf3b" daemon [_thread_blocked, id=15200, stack(0x0000006581d00000,0x0000006581e00000) (1024K)]
  0x000001e6c17bf920 JavaThread "Equinox resolver thread - Equinox Container: 4ece87d0-9a7f-47ae-9bbb-49f39924cf3b" daemon [_thread_blocked, id=20128, stack(0x0000006581e00000,0x0000006581f00000) (1024K)]
  0x000001e6c17b9020 JavaThread "Equinox resolver thread - Equinox Container: 4ece87d0-9a7f-47ae-9bbb-49f39924cf3b" daemon [_thread_blocked, id=18292, stack(0x0000006582000000,0x0000006582100000) (1024K)]
  0x000001e6c17bb0f0 JavaThread "Equinox resolver thread - Equinox Container: 4ece87d0-9a7f-47ae-9bbb-49f39924cf3b" daemon [_thread_blocked, id=9004, stack(0x0000006582100000,0x0000006582200000) (1024K)]
  0x000001e6c17c0640 JavaThread "Equinox resolver thread - Equinox Container: 4ece87d0-9a7f-47ae-9bbb-49f39924cf3b" daemon [_thread_blocked, id=12928, stack(0x0000006582200000,0x0000006582300000) (1024K)]
  0x000001e6c17b96b0 JavaThread "Bundle File Closer"         daemon [_thread_blocked, id=16840, stack(0x0000006582500000,0x0000006582600000) (1024K)]
  0x000001e6c13ffdd0 JavaThread "SCR Component Actor"        daemon [_thread_blocked, id=18496, stack(0x0000006580000000,0x0000006580100000) (1024K)]
  0x000001e6c1401ea0 JavaThread "SCR Component Registry"     daemon [_thread_blocked, id=24536, stack(0x0000006582600000,0x0000006582700000) (1024K)]
  0x000001e6c14892c0 JavaThread "C1 CompilerThread1"         daemon [_thread_blocked, id=7532, stack(0x0000006582800000,0x0000006582900000) (1024K)]
  0x000001e6c1400af0 JavaThread "Worker-JM"                         [_thread_blocked, id=24800, stack(0x0000006582900000,0x0000006582a00000) (1024K)]
  0x000001e6c1406040 JavaThread "Worker-0: Checking project encoding"        [_thread_blocked, id=29780, stack(0x0000006582d00000,0x0000006582e00000) (1024K)]
  0x000001e6c1401180 JavaThread "Worker-1"                          [_thread_blocked, id=8544, stack(0x0000006582e00000,0x0000006582f00000) (1024K)]
Total: 42

Other Threads:
  0x000001e6e65fd240 VMThread "VM Thread"                           [id=28668, stack(0x00000065ff700000,0x00000065ff800000) (1024K)]
  0x000001e6e8ac0070 WatcherThread "VM Periodic Task Thread"        [id=27816, stack(0x00000065ff600000,0x00000065ff700000) (1024K)]
  0x000001e6e65fd980 WorkerThread "GC Thread#0"                     [id=18584, stack(0x00000065ff500000,0x00000065ff600000) (1024K)]
  0x000001e6e65fc3c0 WorkerThread "GC Thread#1"                     [id=26408, stack(0x0000006580300000,0x0000006580400000) (1024K)]
  0x000001e6e65fc760 WorkerThread "GC Thread#2"                     [id=17672, stack(0x0000006580400000,0x0000006580500000) (1024K)]
  0x000001e6c16601e0 WorkerThread "GC Thread#3"                     [id=5936, stack(0x0000006580500000,0x0000006580600000) (1024K)]
  0x000001e6c1660920 WorkerThread "GC Thread#4"                     [id=19752, stack(0x0000006580600000,0x0000006580700000) (1024K)]
  0x000001e6c165fe40 WorkerThread "GC Thread#5"                     [id=24384, stack(0x0000006580700000,0x0000006580800000) (1024K)]
  0x000001e6c16629c0 WorkerThread "GC Thread#6"                     [id=29008, stack(0x0000006580800000,0x0000006580900000) (1024K)]
  0x000001e6c1662280 WorkerThread "GC Thread#7"                     [id=20788, stack(0x0000006581100000,0x0000006581200000) (1024K)]
  0x000001e6c1660cc0 WorkerThread "GC Thread#8"                     [id=29092, stack(0x0000006581f00000,0x0000006582000000) (1024K)]
  0x000001e6c1661b40 WorkerThread "GC Thread#9"                     [id=4488, stack(0x0000006582300000,0x0000006582400000) (1024K)]
  0x000001e6c1662d60 WorkerThread "GC Thread#10"                    [id=30116, stack(0x0000006582400000,0x0000006582500000) (1024K)]
  0x000001e6c165f700 WorkerThread "GC Thread#11"                    [id=28984, stack(0x0000006582700000,0x0000006582800000) (1024K)]
  0x000001e6c1661060 WorkerThread "GC Thread#12"                    [id=23592, stack(0x0000006582a00000,0x0000006582b00000) (1024K)]
  0x000001e6c19e8380 WorkerThread "GC Thread#13"                    [id=1020, stack(0x0000006582b00000,0x0000006582c00000) (1024K)]
  0x000001e6c19e7fe0 WorkerThread "GC Thread#14"                    [id=23296, stack(0x0000006582c00000,0x0000006582d00000) (1024K)]
Total: 17

Threads with active compile tasks:
C2 CompilerThread0  10901 3804       4       java.lang.invoke.MethodType::makeImpl (109 bytes)
C1 CompilerThread0  10901 3981       3       org.objectweb.asm.ClassReader::readCode (5117 bytes)
Total: 2

VM state: not at safepoint (normal execution)

VM Mutex/Monitor currently owned by a thread: None

Heap address: 0x00000000c0000000, size: 1024 MB, Compressed Oops mode: 32-bit

CDS archive(s) mapped at: [0x000001e680000000-0x000001e680ba0000-0x000001e680ba0000), size 12189696, SharedBaseAddress: 0x000001e680000000, ArchiveRelocationMode: 1.
Compressed class space mapped at: 0x000001e681000000-0x000001e6c1000000, reserved size: 1073741824
Narrow klass base: 0x000001e680000000, Narrow klass shift: 0, Narrow klass range: 0x100000000

GC Precious Log:
 CardTable entry size: 512
 CPUs: 20 total, 20 available
 Memory: 7709M
 Large Page Support: Disabled
 NUMA Support: Disabled
 Compressed Oops: Enabled (32-bit)
 Alignments: Space 512K, Generation 512K, Heap 2M
 Heap Min Capacity: 100M
 Heap Initial Capacity: 100M
 Heap Max Capacity: 1G
 Pre-touch: Disabled
 Parallel Workers: 15

Heap:
 PSYoungGen      total 30208K, used 19933K [0x00000000eab00000, 0x00000000ecf00000, 0x0000000100000000)
  eden space 24576K, 58% used [0x00000000eab00000,0x00000000eb8fd8c8,0x00000000ec300000)
  from space 5632K, 99% used [0x00000000ec900000,0x00000000ece79ca8,0x00000000ece80000)
  to   space 6144K, 0% used [0x00000000ec300000,0x00000000ec300000,0x00000000ec900000)
 ParOldGen       total 68608K, used 7669K [0x00000000c0000000, 0x00000000c4300000, 0x00000000eab00000)
  object space 68608K, 11% used [0x00000000c0000000,0x00000000c077d768,0x00000000c4300000)
 Metaspace       used 17589K, committed 18240K, reserved 1114112K
  class space    used 1748K, committed 2048K, reserved 1048576K

Card table byte_map: [0x000001e6e8400000,0x000001e6e8610000] _byte_map_base: 0x000001e6e7e00000

Marking Bits: (ParMarkBitMap*) 0x00007ffeb47631f0
 Begin Bits: [0x000001e6fac50000, 0x000001e6fbc50000)
 End Bits:   [0x000001e6fbc50000, 0x000001e6fcc50000)

Polling page: 0x000001e6e6580000

Metaspace:

Usage:
  Non-class:     15.47 MB used.
      Class:      1.71 MB used.
       Both:     17.18 MB used.

Virtual space:
  Non-class space:       64.00 MB reserved,      15.81 MB ( 25%) committed,  1 nodes.
      Class space:        1.00 GB reserved,       2.00 MB ( <1%) committed,  1 nodes.
             Both:        1.06 GB reserved,      17.81 MB (  2%) committed. 

Chunk freelists:
   Non-Class:  192.00 KB
       Class:  13.86 MB
        Both:  14.04 MB

MaxMetaspaceSize: unlimited
CompressedClassSpaceSize: 1.00 GB
Initial GC threshold: 21.00 MB
Current GC threshold: 21.00 MB
CDS: on
 - commit_granule_bytes: 65536.
 - commit_granule_words: 8192.
 - virtual_space_node_default_size: 8388608.
 - enlarge_chunks_in_place: 1.
 - use_allocation_guard: 0.


Internal statistics:

num_allocs_failed_limit: 0.
num_arena_births: 520.
num_arena_deaths: 0.
num_vsnodes_births: 2.
num_vsnodes_deaths: 0.
num_space_committed: 285.
num_space_uncommitted: 0.
num_chunks_returned_to_freelist: 0.
num_chunks_taken_from_freelist: 1092.
num_chunk_merges: 0.
num_chunk_splits: 735.
num_chunks_enlarged: 495.
num_inconsistent_stats: 0.

CodeHeap 'non-profiled nmethods': size=119168Kb used=1432Kb max_used=1432Kb free=117735Kb
 bounds [0x000001e6f37f0000, 0x000001e6f3a60000, 0x000001e6fac50000]
CodeHeap 'profiled nmethods': size=119104Kb used=8412Kb max_used=8412Kb free=110691Kb
 bounds [0x000001e6ebc50000, 0x000001e6ec490000, 0x000001e6f30a0000]
CodeHeap 'non-nmethods': size=7488Kb used=1832Kb max_used=2382Kb free=5655Kb
 bounds [0x000001e6f30a0000, 0x000001e6f3310000, 0x000001e6f37f0000]
 total_blobs=4518 nmethods=3976 adapters=447
 compilation: enabled
              stopped_count=0, restarted_count=0
 full_count=0

Compilation events (20 events):
Event: 10.873 Thread 0x000001e6fce4e750 3910       1       org.apache.aries.spifly.WeavingData::getClassName (5 bytes)
Event: 10.874 Thread 0x000001e6fce4e750 nmethod 3910 0x000001e6f3955490 code [0x000001e6f3955620, 0x000001e6f39556e8]
Event: 10.874 Thread 0x000001e6fce4e750 3913       3       org.objectweb.asm.commons.LocalVariablesSorter::remap (118 bytes)
Event: 10.874 Thread 0x000001e6c14892c0 nmethod 3907 0x000001e6ec457310 code [0x000001e6ec4574c0, 0x000001e6ec457660]
Event: 10.874 Thread 0x000001e6c14892c0 3912       3       org.objectweb.asm.Frame::pop (44 bytes)
Event: 10.874 Thread 0x000001e6c14892c0 nmethod 3912 0x000001e6ec457710 code [0x000001e6ec4578c0, 0x000001e6ec457a58]
Event: 10.874 Thread 0x000001e6c14892c0 3914       3       org.objectweb.asm.ClassReader::readClass (7 bytes)
Event: 10.874 Thread 0x000001e6fce4e750 nmethod 3913 0x000001e6ec457b10 code [0x000001e6ec457d20, 0x000001e6ec458350]
Event: 10.874 Thread 0x000001e6c14892c0 nmethod 3914 0x000001e6ec458610 code [0x000001e6ec458800, 0x000001e6ec458b80]
Event: 10.874 Thread 0x000001e6fce4e750 3916       3       org.objectweb.asm.SymbolTable::addConstantUtf8Reference (101 bytes)
Event: 10.874 Thread 0x000001e6c14892c0 3915       3       org.objectweb.asm.ClassReader::readStringish (16 bytes)
Event: 10.874 Thread 0x000001e6c14892c0 nmethod 3915 0x000001e6ec458d10 code [0x000001e6ec458ee0, 0x000001e6ec4591c0]
Event: 10.874 Thread 0x000001e6c14892c0 3917       3       org.objectweb.asm.Frame::getInputStackSize (6 bytes)
Event: 10.874 Thread 0x000001e6fce4e750 nmethod 3916 0x000001e6ec459390 code [0x000001e6ec4595c0, 0x000001e6ec459ba0]
Event: 10.874 Thread 0x000001e6c14892c0 nmethod 3917 0x000001e6ec459f10 code [0x000001e6ec45a0a0, 0x000001e6ec45a1b8]
Event: 10.875 Thread 0x000001e6c14892c0 3918       1       org.objectweb.asm.SymbolTable::getMajorVersion (5 bytes)
Event: 10.875 Thread 0x000001e6c14892c0 nmethod 3918 0x000001e6f3955790 code [0x000001e6f3955920, 0x000001e6f39559e8]
Event: 10.876 Thread 0x000001e6c14892c0 3920       3       java.lang.invoke.MethodHandles$Lookup::getDirectMethodNoSecurityManager (18 bytes)
Event: 10.876 Thread 0x000001e6c14892c0 nmethod 3920 0x000001e6ec45a290 code [0x000001e6ec45a440, 0x000001e6ec45a590]
Event: 10.876 Thread 0x000001e6c14892c0 3921       3       java.lang.invoke.MethodHandle::isAncestorLoaderOf (35 bytes)

GC Heap History (12 events):
Event: 0.669 GC heap before
{Heap before GC invocations=1 (full 0):
 PSYoungGen      total 29696K, used 25600K [0x00000000eab00000, 0x00000000ecc00000, 0x0000000100000000)
  eden space 25600K, 100% used [0x00000000eab00000,0x00000000ec400000,0x00000000ec400000)
  from space 4096K, 0% used [0x00000000ec800000,0x00000000ec800000,0x00000000ecc00000)
  to   space 4096K, 0% used [0x00000000ec400000,0x00000000ec400000,0x00000000ec800000)
 ParOldGen       total 68608K, used 0K [0x00000000c0000000, 0x00000000c4300000, 0x00000000eab00000)
  object space 68608K, 0% used [0x00000000c0000000,0x00000000c0000000,0x00000000c4300000)
 Metaspace       used 4413K, committed 4672K, reserved 1114112K
  class space    used 473K, committed 576K, reserved 1048576K
}
Event: 0.677 GC heap after
{Heap after GC invocations=1 (full 0):
 PSYoungGen      total 29696K, used 3238K [0x00000000eab00000, 0x00000000ecc00000, 0x0000000100000000)
  eden space 25600K, 0% used [0x00000000eab00000,0x00000000eab00000,0x00000000ec400000)
  from space 4096K, 79% used [0x00000000ec400000,0x00000000ec729870,0x00000000ec800000)
  to   space 4096K, 0% used [0x00000000ec800000,0x00000000ec800000,0x00000000ecc00000)
 ParOldGen       total 68608K, used 16K [0x00000000c0000000, 0x00000000c4300000, 0x00000000eab00000)
  object space 68608K, 0% used [0x00000000c0000000,0x00000000c0004000,0x00000000c4300000)
 Metaspace       used 4413K, committed 4672K, reserved 1114112K
  class space    used 473K, committed 576K, reserved 1048576K
}
Event: 4.881 GC heap before
{Heap before GC invocations=2 (full 0):
 PSYoungGen      total 29696K, used 28838K [0x00000000eab00000, 0x00000000ecc00000, 0x0000000100000000)
  eden space 25600K, 100% used [0x00000000eab00000,0x00000000ec400000,0x00000000ec400000)
  from space 4096K, 79% used [0x00000000ec400000,0x00000000ec729870,0x00000000ec800000)
  to   space 4096K, 0% used [0x00000000ec800000,0x00000000ec800000,0x00000000ecc00000)
 ParOldGen       total 68608K, used 16K [0x00000000c0000000, 0x00000000c4300000, 0x00000000eab00000)
  object space 68608K, 0% used [0x00000000c0000000,0x00000000c0004020,0x00000000c4300000)
 Metaspace       used 8321K, committed 8576K, reserved 1114112K
  class space    used 849K, committed 960K, reserved 1048576K
}
Event: 4.886 GC heap after
{Heap after GC invocations=2 (full 0):
 PSYoungGen      total 29696K, used 4070K [0x00000000eab00000, 0x00000000ecc00000, 0x0000000100000000)
  eden space 25600K, 0% used [0x00000000eab00000,0x00000000eab00000,0x00000000ec400000)
  from space 4096K, 99% used [0x00000000ec800000,0x00000000ecbf9870,0x00000000ecc00000)
  to   space 4096K, 0% used [0x00000000ec400000,0x00000000ec400000,0x00000000ec800000)
 ParOldGen       total 68608K, used 56K [0x00000000c0000000, 0x00000000c4300000, 0x00000000eab00000)
  object space 68608K, 0% used [0x00000000c0000000,0x00000000c000e020,0x00000000c4300000)
 Metaspace       used 8321K, committed 8576K, reserved 1114112K
  class space    used 849K, committed 960K, reserved 1048576K
}
Event: 5.089 GC heap before
{Heap before GC invocations=3 (full 0):
 PSYoungGen      total 29696K, used 29670K [0x00000000eab00000, 0x00000000ecc00000, 0x0000000100000000)
  eden space 25600K, 100% used [0x00000000eab00000,0x00000000ec400000,0x00000000ec400000)
  from space 4096K, 99% used [0x00000000ec800000,0x00000000ecbf9870,0x00000000ecc00000)
  to   space 4096K, 0% used [0x00000000ec400000,0x00000000ec400000,0x00000000ec800000)
 ParOldGen       total 68608K, used 60K [0x00000000c0000000, 0x00000000c4300000, 0x00000000eab00000)
  object space 68608K, 0% used [0x00000000c0000000,0x00000000c000f348,0x00000000c4300000)
 Metaspace       used 8778K, committed 9088K, reserved 1114112K
  class space    used 881K, committed 1024K, reserved 1048576K
}
Event: 5.094 GC heap after
{Heap after GC invocations=3 (full 0):
 PSYoungGen      total 29696K, used 4082K [0x00000000eab00000, 0x00000000ecc00000, 0x0000000100000000)
  eden space 25600K, 0% used [0x00000000eab00000,0x00000000eab00000,0x00000000ec400000)
  from space 4096K, 99% used [0x00000000ec400000,0x00000000ec7fc998,0x00000000ec800000)
  to   space 4096K, 0% used [0x00000000ec800000,0x00000000ec800000,0x00000000ecc00000)
 ParOldGen       total 68608K, used 4701K [0x00000000c0000000, 0x00000000c4300000, 0x00000000eab00000)
  object space 68608K, 6% used [0x00000000c0000000,0x00000000c04976b0,0x00000000c4300000)
 Metaspace       used 8778K, committed 9088K, reserved 1114112K
  class space    used 881K, committed 1024K, reserved 1048576K
}
Event: 5.287 GC heap before
{Heap before GC invocations=4 (full 0):
 PSYoungGen      total 29696K, used 29682K [0x00000000eab00000, 0x00000000ecc00000, 0x0000000100000000)
  eden space 25600K, 100% used [0x00000000eab00000,0x00000000ec400000,0x00000000ec400000)
  from space 4096K, 99% used [0x00000000ec400000,0x00000000ec7fc998,0x00000000ec800000)
  to   space 4096K, 0% used [0x00000000ec800000,0x00000000ec800000,0x00000000ecc00000)
 ParOldGen       total 68608K, used 4701K [0x00000000c0000000, 0x00000000c4300000, 0x00000000eab00000)
  object space 68608K, 6% used [0x00000000c0000000,0x00000000c04976b0,0x00000000c4300000)
 Metaspace       used 10049K, committed 10368K, reserved 1114112K
  class space    used 1015K, committed 1152K, reserved 1048576K
}
Event: 5.290 GC heap after
{Heap after GC invocations=4 (full 0):
 PSYoungGen      total 29696K, used 4088K [0x00000000eab00000, 0x00000000ecc00000, 0x0000000100000000)
  eden space 25600K, 0% used [0x00000000eab00000,0x00000000eab00000,0x00000000ec400000)
  from space 4096K, 99% used [0x00000000ec800000,0x00000000ecbfe368,0x00000000ecc00000)
  to   space 4096K, 0% used [0x00000000ec400000,0x00000000ec400000,0x00000000ec800000)
 ParOldGen       total 68608K, used 6366K [0x00000000c0000000, 0x00000000c4300000, 0x00000000eab00000)
  object space 68608K, 9% used [0x00000000c0000000,0x00000000c0637a30,0x00000000c4300000)
 Metaspace       used 10049K, committed 10368K, reserved 1114112K
  class space    used 1015K, committed 1152K, reserved 1048576K
}
Event: 10.485 GC heap before
{Heap before GC invocations=5 (full 0):
 PSYoungGen      total 29696K, used 29688K [0x00000000eab00000, 0x00000000ecc00000, 0x0000000100000000)
  eden space 25600K, 100% used [0x00000000eab00000,0x00000000ec400000,0x00000000ec400000)
  from space 4096K, 99% used [0x00000000ec800000,0x00000000ecbfe368,0x00000000ecc00000)
  to   space 4096K, 0% used [0x00000000ec400000,0x00000000ec400000,0x00000000ec800000)
 ParOldGen       total 68608K, used 6366K [0x00000000c0000000, 0x00000000c4300000, 0x00000000eab00000)
  object space 68608K, 9% used [0x00000000c0000000,0x00000000c0637a30,0x00000000c4300000)
 Metaspace       used 12312K, committed 12672K, reserved 1114112K
  class space    used 1241K, committed 1408K, reserved 1048576K
}
Event: 10.489 GC heap after
{Heap after GC invocations=5 (full 0):
 PSYoungGen      total 29184K, used 4091K [0x00000000eab00000, 0x00000000ece80000, 0x0000000100000000)
  eden space 25088K, 0% used [0x00000000eab00000,0x00000000eab00000,0x00000000ec380000)
  from space 4096K, 99% used [0x00000000ec400000,0x00000000ec7fee78,0x00000000ec800000)
  to   space 5632K, 0% used [0x00000000ec900000,0x00000000ec900000,0x00000000ece80000)
 ParOldGen       total 68608K, used 7557K [0x00000000c0000000, 0x00000000c4300000, 0x00000000eab00000)
  object space 68608K, 11% used [0x00000000c0000000,0x00000000c0761768,0x00000000c4300000)
 Metaspace       used 12312K, committed 12672K, reserved 1114112K
  class space    used 1241K, committed 1408K, reserved 1048576K
}
Event: 10.756 GC heap before
{Heap before GC invocations=6 (full 0):
 PSYoungGen      total 29184K, used 29179K [0x00000000eab00000, 0x00000000ece80000, 0x0000000100000000)
  eden space 25088K, 100% used [0x00000000eab00000,0x00000000ec380000,0x00000000ec380000)
  from space 4096K, 99% used [0x00000000ec400000,0x00000000ec7fee78,0x00000000ec800000)
  to   space 5632K, 0% used [0x00000000ec900000,0x00000000ec900000,0x00000000ece80000)
 ParOldGen       total 68608K, used 7557K [0x00000000c0000000, 0x00000000c4300000, 0x00000000eab00000)
  object space 68608K, 11% used [0x00000000c0000000,0x00000000c0761768,0x00000000c4300000)
 Metaspace       used 15656K, committed 16320K, reserved 1114112K
  class space    used 1544K, committed 1856K, reserved 1048576K
}
Event: 10.759 GC heap after
{Heap after GC invocations=6 (full 0):
 PSYoungGen      total 30208K, used 5607K [0x00000000eab00000, 0x00000000ecf00000, 0x0000000100000000)
  eden space 24576K, 0% used [0x00000000eab00000,0x00000000eab00000,0x00000000ec300000)
  from space 5632K, 99% used [0x00000000ec900000,0x00000000ece79ca8,0x00000000ece80000)
  to   space 6144K, 0% used [0x00000000ec300000,0x00000000ec300000,0x00000000ec900000)
 ParOldGen       total 68608K, used 7669K [0x00000000c0000000, 0x00000000c4300000, 0x00000000eab00000)
  object space 68608K, 11% used [0x00000000c0000000,0x00000000c077d768,0x00000000c4300000)
 Metaspace       used 15656K, committed 16320K, reserved 1114112K
  class space    used 1544K, committed 1856K, reserved 1048576K
}

Dll operation events (11 events):
Event: 0.005 Loaded shared library c:\Users\user\.cursor\extensions\redhat.java-1.42.0-win32-x64\jre\21.0.7-win32-x86_64\bin\java.dll
Event: 0.068 Loaded shared library c:\Users\user\.cursor\extensions\redhat.java-1.42.0-win32-x64\jre\21.0.7-win32-x86_64\bin\zip.dll
Event: 0.088 Loaded shared library C:\Users\user\.cursor\extensions\redhat.java-1.42.0-win32-x64\jre\21.0.7-win32-x86_64\bin\instrument.dll
Event: 0.099 Loaded shared library C:\Users\user\.cursor\extensions\redhat.java-1.42.0-win32-x64\jre\21.0.7-win32-x86_64\bin\net.dll
Event: 0.111 Loaded shared library C:\Users\user\.cursor\extensions\redhat.java-1.42.0-win32-x64\jre\21.0.7-win32-x86_64\bin\nio.dll
Event: 0.114 Loaded shared library C:\Users\user\.cursor\extensions\redhat.java-1.42.0-win32-x64\jre\21.0.7-win32-x86_64\bin\zip.dll
Event: 0.138 Loaded shared library C:\Users\user\.cursor\extensions\redhat.java-1.42.0-win32-x64\jre\21.0.7-win32-x86_64\bin\jimage.dll
Event: 0.219 Loaded shared library c:\Users\user\.cursor\extensions\redhat.java-1.42.0-win32-x64\jre\21.0.7-win32-x86_64\bin\verify.dll
Event: 5.061 Loaded shared library C:\Users\user\AppData\Roaming\Cursor\User\globalStorage\redhat.java\1.42.0\config_win\org.eclipse.equinox.launcher\org.eclipse.equinox.launcher.win32.win32.x86_64_1.2.1300.v20250331-1702\eclipse_11911.dll
Event: 10.750 Loaded shared library C:\Users\user\.cursor\extensions\redhat.java-1.42.0-win32-x64\jre\21.0.7-win32-x86_64\bin\management.dll
Event: 10.752 Loaded shared library C:\Users\user\.cursor\extensions\redhat.java-1.42.0-win32-x64\jre\21.0.7-win32-x86_64\bin\management_ext.dll

Deoptimization events (20 events):
Event: 10.607 Thread 0x000001e6c17bdee0 Uncommon trap: trap_request=0xffffffcc fr.pc=0x000001e6f392a18c relative=0x000000000000034c
Event: 10.607 Thread 0x000001e6c17bdee0 Uncommon trap: reason=intrinsic_or_type_checked_inlining action=make_not_entrant pc=0x000001e6f392a18c method=java.util.Arrays.copyOf([Ljava/lang/Object;ILjava/lang/Class;)[Ljava/lang/Object; @ 35 c2
Event: 10.607 Thread 0x000001e6c17bdee0 DEOPT PACKING pc=0x000001e6f392a18c sp=0x00000065812fbdc0
Event: 10.607 Thread 0x000001e6c17bdee0 DEOPT UNPACKING pc=0x000001e6f30f3aa2 sp=0x00000065812fbd68 mode 2
Event: 10.616 Thread 0x000001e6c17bdee0 Uncommon trap: trap_request=0xffffff45 fr.pc=0x000001e6f3924be4 relative=0x0000000000000464
Event: 10.616 Thread 0x000001e6c17bdee0 Uncommon trap: reason=unstable_if action=reinterpret pc=0x000001e6f3924be4 method=com.sun.org.apache.xerces.internal.impl.XMLEntityScanner.scanLiteral(ILcom/sun/org/apache/xerces/internal/xni/XMLString;Z)I @ 299 c2
Event: 10.616 Thread 0x000001e6c17bdee0 DEOPT PACKING pc=0x000001e6f3924be4 sp=0x00000065812fdb30
Event: 10.616 Thread 0x000001e6c17bdee0 DEOPT UNPACKING pc=0x000001e6f30f3aa2 sp=0x00000065812fdac0 mode 2
Event: 10.618 Thread 0x000001e6c17bdee0 Uncommon trap: trap_request=0xffffffdc fr.pc=0x000001e6f392eaf8 relative=0x00000000000002b8
Event: 10.618 Thread 0x000001e6c17bdee0 Uncommon trap: reason=class_check action=make_not_entrant pc=0x000001e6f392eaf8 method=java.util.ArrayList.toArray([Ljava/lang/Object;)[Ljava/lang/Object; @ 21 c2
Event: 10.618 Thread 0x000001e6c17bdee0 DEOPT PACKING pc=0x000001e6f392eaf8 sp=0x00000065812fde80
Event: 10.618 Thread 0x000001e6c17bdee0 DEOPT UNPACKING pc=0x000001e6f30f3aa2 sp=0x00000065812fde40 mode 2
Event: 10.724 Thread 0x000001e6c17bdee0 Uncommon trap: trap_request=0xffffff45 fr.pc=0x000001e6f3941e5c relative=0x00000000000003dc
Event: 10.724 Thread 0x000001e6c17bdee0 Uncommon trap: reason=unstable_if action=reinterpret pc=0x000001e6f3941e5c method=java.util.regex.Pattern$BmpCharPropertyGreedy.match(Ljava/util/regex/Matcher;ILjava/lang/CharSequence;)Z @ 73 c2
Event: 10.724 Thread 0x000001e6c17bdee0 DEOPT PACKING pc=0x000001e6f3941e5c sp=0x00000065812f5d00
Event: 10.724 Thread 0x000001e6c17bdee0 DEOPT UNPACKING pc=0x000001e6f30f3aa2 sp=0x00000065812f5cc0 mode 2
Event: 10.801 Thread 0x000001e6c17bdee0 Uncommon trap: trap_request=0xffffff45 fr.pc=0x000001e6f3944924 relative=0x0000000000000084
Event: 10.801 Thread 0x000001e6c17bdee0 Uncommon trap: reason=unstable_if action=reinterpret pc=0x000001e6f3944924 method=java.lang.ref.SoftReference.get()Ljava/lang/Object; @ 6 c2
Event: 10.801 Thread 0x000001e6c17bdee0 DEOPT PACKING pc=0x000001e6f3944924 sp=0x00000065812f97a0
Event: 10.801 Thread 0x000001e6c17bdee0 DEOPT UNPACKING pc=0x000001e6f30f3aa2 sp=0x00000065812f9738 mode 2

Classes loaded (20 events):
Event: 10.788 Loading class java/util/zip/ZipOutputStream
Event: 10.788 Loading class java/util/zip/DeflaterOutputStream
Event: 10.788 Loading class java/util/zip/DeflaterOutputStream done
Event: 10.788 Loading class java/util/zip/ZipOutputStream done
Event: 10.791 Loading class java/io/FilenameFilter
Event: 10.791 Loading class java/io/FilenameFilter done
Event: 10.798 Loading class java/util/function/LongUnaryOperator
Event: 10.798 Loading class java/util/function/LongUnaryOperator done
Event: 10.798 Loading class java/lang/ThreadDeath
Event: 10.798 Loading class java/lang/ThreadDeath done
Event: 10.802 Loading class java/util/stream/SortedOps$SizedRefSortingSink
Event: 10.802 Loading class java/util/stream/SortedOps$SizedRefSortingSink done
Event: 10.817 Loading class java/util/concurrent/atomic/Striped64$1
Event: 10.818 Loading class java/util/concurrent/atomic/Striped64$1 done
Event: 10.857 Loading class java/util/BitSet
Event: 10.858 Loading class java/util/BitSet done
Event: 10.861 Loading class sun/net/www/protocol/jrt/JavaRuntimeURLConnection
Event: 10.862 Loading class sun/net/www/protocol/jrt/JavaRuntimeURLConnection done
Event: 10.863 Loading class sun/net/www/protocol/jrt/JavaRuntimeURLConnection$1
Event: 10.863 Loading class sun/net/www/protocol/jrt/JavaRuntimeURLConnection$1 done

Classes unloaded (0 events):
No events

Classes redefined (0 events):
No events

Internal exceptions (20 events):
Event: 10.602 Thread 0x000001e6c17bdee0 Exception <a 'java/io/FileNotFoundException'{0x00000000eb4dfbf0}> (0x00000000eb4dfbf0) 
thrown [s\src\hotspot\share\prims\jni.cpp, line 520]
Event: 10.662 Thread 0x000001e6c17bdee0 Exception <a 'java/lang/NoSuchMethodError'{0x00000000eb96e5e0}: 'java.lang.Object java.lang.invoke.Invokers$Holder.linkToTargetMethod(java.lang.Object, long, java.lang.Object)'> (0x00000000eb96e5e0) 
thrown [s\src\hotspot\share\interpreter\linkResolver.cpp, line 773]
Event: 10.684 Thread 0x000001e6c17bdee0 Exception <a 'java/lang/NoSuchMethodError'{0x00000000ebc6f280}: 'void java.lang.invoke.DirectMethodHandle$Holder.invokeInterface(java.lang.Object, java.lang.Object, java.lang.Object)'> (0x00000000ebc6f280) 
thrown [s\src\hotspot\share\interpreter\linkResolver.cpp, line 773]
Event: 10.729 Thread 0x000001e6c17bdee0 Exception <a 'java/lang/NoSuchMethodError'{0x00000000ec1305e0}: 'java.lang.Object java.lang.invoke.DirectMethodHandle$Holder.invokeVirtual(java.lang.Object, java.lang.Object, java.lang.Object)'> (0x00000000ec1305e0) 
thrown [s\src\hotspot\share\interpreter\linkResolver.cpp, line 773]
Event: 10.730 Thread 0x000001e6c17bdee0 Exception <a 'java/lang/NoSuchMethodError'{0x00000000ec147f88}: 'java.lang.Object java.lang.invoke.DelegatingMethodHandle$Holder.reinvoke_L(java.lang.Object, java.lang.Object, java.lang.Object, java.lang.Object, int, int)'> (0x00000000ec147f88) 
thrown [s\src\hotspot\share\interpreter\linkResolver.cpp, line 773]
Event: 10.731 Thread 0x000001e6c17bdee0 Exception <a 'java/lang/NoSuchMethodError'{0x00000000ec164240}: 'java.lang.Object java.lang.invoke.DirectMethodHandle$Holder.newInvokeSpecial(java.lang.Object, java.lang.Object, java.lang.Object, java.lang.Object, java.lang.Object, java.lang.Object)'> (0x00000000ec164240) 
thrown [s\src\hotspot\share\interpreter\linkResolver.cpp, line 773]
Event: 10.732 Thread 0x000001e6c17bdee0 Exception <a 'java/lang/NoSuchMethodError'{0x00000000ec18ff58}: 'void java.lang.invoke.Invokers$Holder.invokeExact_MT(java.lang.Object, java.lang.Object, java.lang.Object, java.lang.Object)'> (0x00000000ec18ff58) 
thrown [s\src\hotspot\share\interpreter\linkResolver.cpp, line 773]
Event: 10.746 Thread 0x000001e6c17bdee0 Exception <a 'java/io/FileNotFoundException'{0x00000000ec2bf468}> (0x00000000ec2bf468) 
thrown [s\src\hotspot\share\prims\jni.cpp, line 520]
Event: 10.747 Thread 0x000001e6c17bdee0 Exception <a 'java/io/FileNotFoundException'{0x00000000ec2daf30}> (0x00000000ec2daf30) 
thrown [s\src\hotspot\share\prims\jni.cpp, line 520]
Event: 10.748 Thread 0x000001e6c17bdee0 Exception <a 'java/io/FileNotFoundException'{0x00000000ec2e1f48}> (0x00000000ec2e1f48) 
thrown [s\src\hotspot\share\prims\jni.cpp, line 520]
Event: 10.790 Thread 0x000001e6c17bdee0 Exception <a 'java/lang/NoSuchMethodError'{0x00000000eaec2ab8}: 'java.lang.Object java.lang.invoke.DirectMethodHandle$Holder.newInvokeSpecial(java.lang.Object, java.lang.Object, java.lang.Object, java.lang.Object, java.lang.Object)'> (0x00000000eaec2ab8) 
thrown [s\src\hotspot\share\interpreter\linkResolver.cpp, line 773]
Event: 10.797 Thread 0x000001e6c17bdee0 Exception <a 'java/lang/NoSuchMethodError'{0x00000000eb036c50}: 'java.lang.Object java.lang.invoke.DirectMethodHandle$Holder.invokeSpecial(java.lang.Object, java.lang.Object, java.lang.Object, long, java.lang.Object)'> (0x00000000eb036c50) 
thrown [s\src\hotspot\share\interpreter\linkResolver.cpp, line 773]
Event: 10.798 Thread 0x000001e6c17bdee0 Exception <a 'java/lang/NoSuchMethodError'{0x00000000eb03e3e0}: 'java.lang.Object java.lang.invoke.DirectMethodHandle$Holder.newInvokeSpecial(java.lang.Object, java.lang.Object, java.lang.Object, long)'> (0x00000000eb03e3e0) 
thrown [s\src\hotspot\share\interpreter\linkResolver.cpp, line 773]
Event: 10.798 Thread 0x000001e6c17bdee0 Exception <a 'java/lang/NoSuchMethodError'{0x00000000eb042060}: 'java.lang.Object java.lang.invoke.Invokers$Holder.linkToTargetMethod(java.lang.Object, java.lang.Object, long, java.lang.Object)'> (0x00000000eb042060) 
thrown [s\src\hotspot\share\interpreter\linkResolver.cpp, line 773]
Event: 10.808 Thread 0x000001e6c17bdee0 Exception <a 'java/lang/IncompatibleClassChangeError'{0x00000000eb14af00}: Found class java.lang.Object, but interface was expected> (0x00000000eb14af00) 
thrown [s\src\hotspot\share\interpreter\linkResolver.cpp, line 840]
Event: 10.808 Thread 0x000001e6c17bdee0 Exception <a 'java/lang/NoSuchMethodError'{0x00000000eb14e8d0}: 'java.lang.Object java.lang.invoke.DirectMethodHandle$Holder.invokeSpecial(java.lang.Object, java.lang.Object, java.lang.Object, int, java.lang.Object, java.lang.Object)'> (0x00000000eb14e8d0) 
thrown [s\src\hotspot\share\interpreter\linkResolver.cpp, line 773]
Event: 10.808 Thread 0x000001e6c17bdee0 Exception <a 'java/lang/NoSuchMethodError'{0x00000000eb15a760}: 'java.lang.Object java.lang.invoke.DirectMethodHandle$Holder.newInvokeSpecial(java.lang.Object, java.lang.Object, java.lang.Object, int, java.lang.Object)'> (0x00000000eb15a760) 
thrown [s\src\hotspot\share\interpreter\linkResolver.cpp, line 773]
Event: 10.809 Thread 0x000001e6c17bdee0 Exception <a 'java/lang/NoSuchMethodError'{0x00000000eb15e250}: 'java.lang.Object java.lang.invoke.Invokers$Holder.linkToTargetMethod(java.lang.Object, java.lang.Object, int, java.lang.Object, java.lang.Object)'> (0x00000000eb15e250) 
thrown [s\src\hotspot\share\interpreter\linkResolver.cpp, line 773]
Event: 10.811 Thread 0x000001e6c1406040 Exception <a 'java/lang/NoSuchMethodError'{0x00000000eb098b80}: 'java.lang.Object java.lang.invoke.DirectMethodHandle$Holder.invokeSpecial(java.lang.Object, java.lang.Object, int, java.lang.Object, java.lang.Object)'> (0x00000000eb098b80) 
thrown [s\src\hotspot\share\interpreter\linkResolver.cpp, line 773]
Event: 10.819 Thread 0x000001e6c17bdee0 Exception <a 'java/lang/NoSuchMethodError'{0x00000000eb27a290}: 'void java.lang.invoke.DirectMethodHandle$Holder.invokeSpecial(java.lang.Object, java.lang.Object, java.lang.Object, java.lang.Object, java.lang.Object)'> (0x00000000eb27a290) 
thrown [s\src\hotspot\share\interpreter\linkResolver.cpp, line 773]

ZGC Phase Switch (0 events):
No events

VM Operations (20 events):
Event: 6.302 Executing VM operation: Cleanup
Event: 6.302 Executing VM operation: Cleanup done
Event: 7.306 Executing VM operation: Cleanup
Event: 7.306 Executing VM operation: Cleanup done
Event: 8.310 Executing VM operation: Cleanup
Event: 8.310 Executing VM operation: Cleanup done
Event: 10.475 Executing VM operation: HandshakeAllThreads (Deoptimize)
Event: 10.475 Executing VM operation: HandshakeAllThreads (Deoptimize) done
Event: 10.475 Executing VM operation: Cleanup
Event: 10.475 Executing VM operation: Cleanup done
Event: 10.485 Executing VM operation: ParallelGCFailedAllocation (Allocation Failure)
Event: 10.489 Executing VM operation: ParallelGCFailedAllocation (Allocation Failure) done
Event: 10.716 Executing VM operation: ICBufferFull
Event: 10.717 Executing VM operation: ICBufferFull done
Event: 10.756 Executing VM operation: ParallelGCFailedAllocation (Allocation Failure)
Event: 10.759 Executing VM operation: ParallelGCFailedAllocation (Allocation Failure) done
Event: 10.779 Executing VM operation: HandshakeAllThreads (Deoptimize)
Event: 10.779 Executing VM operation: HandshakeAllThreads (Deoptimize) done
Event: 10.863 Executing VM operation: HandshakeAllThreads (Deoptimize)
Event: 10.863 Executing VM operation: HandshakeAllThreads (Deoptimize) done

Memory protections (0 events):
No events

Nmethod flushes (0 events):
No events

Events (20 events):
Event: 5.088 Thread 0x000001e6c17bffb0 Thread added: 0x000001e6c17bc4a0
Event: 5.088 Thread 0x000001e6c17bffb0 Thread added: 0x000001e6c17bcb30
Event: 5.088 Thread 0x000001e6c17bffb0 Thread added: 0x000001e6c17bec00
Event: 5.088 Thread 0x000001e6c17bffb0 Thread added: 0x000001e6c17bd1c0
Event: 5.088 Thread 0x000001e6c17bffb0 Thread added: 0x000001e6c17bd850
Event: 5.088 Thread 0x000001e6c17ba3d0 Thread added: 0x000001e6c17bf290
Event: 5.088 Thread 0x000001e6c17be570 Thread added: 0x000001e6c17bf920
Event: 5.094 Thread 0x000001e6c17bffb0 Thread added: 0x000001e6c17b9020
Event: 5.095 Thread 0x000001e6c17baa60 Thread added: 0x000001e6c17bb0f0
Event: 5.096 Thread 0x000001e6c17bec00 Thread added: 0x000001e6c17c0640
Event: 5.559 Thread 0x000001e6c17bdee0 Thread added: 0x000001e6c17b96b0
Event: 7.210 Thread 0x000001e6fe5ccf80 Thread added: 0x000001e6c1550290
Event: 8.952 Thread 0x000001e6c1550290 Thread exited: 0x000001e6c1550290
Event: 8.952 Thread 0x000001e6fe5ccf80 Thread exited: 0x000001e6fe5ccf80
Event: 10.407 Thread 0x000001e6c17bdee0 Thread added: 0x000001e6c13ffdd0
Event: 10.468 Thread 0x000001e6c17bdee0 Thread added: 0x000001e6c1401ea0
Event: 10.515 Thread 0x000001e6fce4e750 Thread added: 0x000001e6c14892c0
Event: 10.689 Thread 0x000001e6c17bdee0 Thread added: 0x000001e6c1400af0
Event: 10.799 Thread 0x000001e6c17bdee0 Thread added: 0x000001e6c1406040
Event: 10.811 Thread 0x000001e6c17bdee0 Thread added: 0x000001e6c1401180


Dynamic libraries:
0x00007ff657f70000 - 0x00007ff657f7e000 	c:\Users\user\.cursor\extensions\redhat.java-1.42.0-win32-x64\jre\21.0.7-win32-x86_64\bin\java.exe
0x00007fff65050000 - 0x00007fff65248000 	C:\Windows\SYSTEM32\ntdll.dll
0x00007fff63080000 - 0x00007fff63142000 	C:\Windows\System32\KERNEL32.DLL
0x00007fff626f0000 - 0x00007fff629e6000 	C:\Windows\System32\KERNELBASE.dll
0x00007fff62d60000 - 0x00007fff62e60000 	C:\Windows\System32\ucrtbase.dll
0x00007fff31590000 - 0x00007fff315a8000 	c:\Users\user\.cursor\extensions\redhat.java-1.42.0-win32-x64\jre\21.0.7-win32-x86_64\bin\jli.dll
0x00007fff2fd60000 - 0x00007fff2fd7e000 	c:\Users\user\.cursor\extensions\redhat.java-1.42.0-win32-x64\jre\21.0.7-win32-x86_64\bin\VCRUNTIME140.dll
0x00007fff648b0000 - 0x00007fff64a4d000 	C:\Windows\System32\USER32.dll
0x00007fff62fc0000 - 0x00007fff62fe2000 	C:\Windows\System32\win32u.dll
0x00007fff49920000 - 0x00007fff49bba000 	C:\Windows\WinSxS\amd64_microsoft.windows.common-controls_6595b64144ccf1df_6.0.19041.5794_none_60bcd33171f2783c\COMCTL32.dll
0x00007fff63940000 - 0x00007fff6396b000 	C:\Windows\System32\GDI32.dll
0x00007fff62b40000 - 0x00007fff62c5a000 	C:\Windows\System32\gdi32full.dll
0x00007fff64e20000 - 0x00007fff64ebe000 	C:\Windows\System32\msvcrt.dll
0x00007fff62a20000 - 0x00007fff62abd000 	C:\Windows\System32\msvcp_win.dll
0x00007fff63660000 - 0x00007fff6368f000 	C:\Windows\System32\IMM32.DLL
0x00007fff41010000 - 0x00007fff4101c000 	c:\Users\user\.cursor\extensions\redhat.java-1.42.0-win32-x64\jre\21.0.7-win32-x86_64\bin\vcruntime140_1.dll
0x00007ffed41f0000 - 0x00007ffed427d000 	c:\Users\user\.cursor\extensions\redhat.java-1.42.0-win32-x64\jre\21.0.7-win32-x86_64\bin\msvcp140.dll
0x00007ffeb3ab0000 - 0x00007ffeb4840000 	c:\Users\user\.cursor\extensions\redhat.java-1.42.0-win32-x64\jre\21.0.7-win32-x86_64\bin\server\jvm.dll
0x00007fff63690000 - 0x00007fff6373f000 	C:\Windows\System32\ADVAPI32.dll
0x00007fff635c0000 - 0x00007fff6365f000 	C:\Windows\System32\sechost.dll
0x00007fff64a60000 - 0x00007fff64b83000 	C:\Windows\System32\RPCRT4.dll
0x00007fff629f0000 - 0x00007fff62a17000 	C:\Windows\System32\bcrypt.dll
0x00007fff646d0000 - 0x00007fff6473b000 	C:\Windows\System32\WS2_32.dll
0x00007fff5fed0000 - 0x00007fff5fef7000 	C:\Windows\SYSTEM32\WINMM.dll
0x00007fff620d0000 - 0x00007fff6211b000 	C:\Windows\SYSTEM32\POWRPROF.dll
0x00007fff51150000 - 0x00007fff5115a000 	C:\Windows\SYSTEM32\VERSION.dll
0x00007fff620b0000 - 0x00007fff620c2000 	C:\Windows\SYSTEM32\UMPDC.dll
0x00007fff60f10000 - 0x00007fff60f22000 	C:\Windows\SYSTEM32\kernel.appcore.dll
0x00007fff2fd50000 - 0x00007fff2fd5a000 	c:\Users\user\.cursor\extensions\redhat.java-1.42.0-win32-x64\jre\21.0.7-win32-x86_64\bin\jimage.dll
0x00007fff5fcc0000 - 0x00007fff5fec1000 	C:\Windows\SYSTEM32\DBGHELP.DLL
0x00007fff5fc80000 - 0x00007fff5fcb4000 	C:\Windows\SYSTEM32\dbgcore.DLL
0x00007fff62ff0000 - 0x00007fff63072000 	C:\Windows\System32\bcryptPrimitives.dll
0x00007fff2fc60000 - 0x00007fff2fc6f000 	c:\Users\user\.cursor\extensions\redhat.java-1.42.0-win32-x64\jre\21.0.7-win32-x86_64\bin\instrument.dll
0x00007fff2fc40000 - 0x00007fff2fc5f000 	c:\Users\user\.cursor\extensions\redhat.java-1.42.0-win32-x64\jre\21.0.7-win32-x86_64\bin\java.dll
0x00007fff63f60000 - 0x00007fff646ce000 	C:\Windows\System32\SHELL32.dll
0x00007fff60750000 - 0x00007fff60ef3000 	C:\Windows\SYSTEM32\windows.storage.dll
0x00007fff63c00000 - 0x00007fff63f53000 	C:\Windows\System32\combase.dll
0x00007fff62120000 - 0x00007fff6214b000 	C:\Windows\SYSTEM32\Wldp.dll
0x00007fff63870000 - 0x00007fff6393d000 	C:\Windows\System32\OLEAUT32.dll
0x00007fff63af0000 - 0x00007fff63b9d000 	C:\Windows\System32\SHCORE.dll
0x00007fff64f50000 - 0x00007fff64fa5000 	C:\Windows\System32\shlwapi.dll
0x00007fff62620000 - 0x00007fff62645000 	C:\Windows\SYSTEM32\profapi.dll
0x00007fff1ba00000 - 0x00007fff1ba18000 	c:\Users\user\.cursor\extensions\redhat.java-1.42.0-win32-x64\jre\21.0.7-win32-x86_64\bin\zip.dll
0x00007fff2fc30000 - 0x00007fff2fc40000 	C:\Users\user\.cursor\extensions\redhat.java-1.42.0-win32-x64\jre\21.0.7-win32-x86_64\bin\net.dll
0x00007fff5e760000 - 0x00007fff5e86a000 	C:\Windows\SYSTEM32\WINHTTP.dll
0x00007fff61e10000 - 0x00007fff61e7c000 	C:\Windows\system32\mswsock.dll
0x00007fff1b4e0000 - 0x00007fff1b4f6000 	C:\Users\user\.cursor\extensions\redhat.java-1.42.0-win32-x64\jre\21.0.7-win32-x86_64\bin\nio.dll
0x00007fff1ac20000 - 0x00007fff1ac30000 	c:\Users\user\.cursor\extensions\redhat.java-1.42.0-win32-x64\jre\21.0.7-win32-x86_64\bin\verify.dll
0x00007ffed41a0000 - 0x00007ffed41e5000 	C:\Users\user\AppData\Roaming\Cursor\User\globalStorage\redhat.java\1.42.0\config_win\org.eclipse.equinox.launcher\org.eclipse.equinox.launcher.win32.win32.x86_64_1.2.1300.v20250331-1702\eclipse_11911.dll
0x00007fff63740000 - 0x00007fff6386b000 	C:\Windows\System32\ole32.dll
0x00007fff1abc0000 - 0x00007fff1abca000 	C:\Users\user\.cursor\extensions\redhat.java-1.42.0-win32-x64\jre\21.0.7-win32-x86_64\bin\management.dll
0x00007fff1abb0000 - 0x00007fff1abbb000 	C:\Users\user\.cursor\extensions\redhat.java-1.42.0-win32-x64\jre\21.0.7-win32-x86_64\bin\management_ext.dll
0x00007fff648a0000 - 0x00007fff648a8000 	C:\Windows\System32\PSAPI.DLL

dbghelp: loaded successfully - version: 4.0.5 - missing functions: none
symbol engine: initialized successfully - sym options: 0x614 - pdb path: .;c:\Users\user\.cursor\extensions\redhat.java-1.42.0-win32-x64\jre\21.0.7-win32-x86_64\bin;C:\Windows\SYSTEM32;C:\Windows\WinSxS\amd64_microsoft.windows.common-controls_6595b64144ccf1df_6.0.19041.5794_none_60bcd33171f2783c;c:\Users\user\.cursor\extensions\redhat.java-1.42.0-win32-x64\jre\21.0.7-win32-x86_64\bin\server;C:\Users\user\AppData\Roaming\Cursor\User\globalStorage\redhat.java\1.42.0\config_win\org.eclipse.equinox.launcher\org.eclipse.equinox.launcher.win32.win32.x86_64_1.2.1300.v20250331-1702

VM Arguments:
jvm_args: --add-modules=ALL-SYSTEM --add-opens=java.base/java.util=ALL-UNNAMED --add-opens=java.base/java.lang=ALL-UNNAMED --add-opens=java.base/sun.nio.fs=ALL-UNNAMED -Declipse.application=org.eclipse.jdt.ls.core.id1 -Dosgi.bundles.defaultStartLevel=4 -Declipse.product=org.eclipse.jdt.ls.core.product -Djava.import.generatesMetadataFilesAtProjectRoot=false -DDetectVMInstallationsJob.disabled=true -Dfile.encoding=utf8 -XX:+UseParallelGC -XX:GCTimeRatio=4 -XX:AdaptiveSizePolicyWeight=90 -Dsun.zip.disableMemoryMapping=true -Xmx1G -Xms100m -Xlog:disable -javaagent:c:\Users\user\.cursor\extensions\redhat.java-1.42.0-win32-x64\lombok\lombok-1.18.36.jar -XX:+HeapDumpOnOutOfMemoryError -XX:HeapDumpPath=c:\Users\user\AppData\Roaming\Cursor\User\workspaceStorage\65b8532be40406c01fffb5a75766c800\redhat.java -Daether.dependencyCollector.impl=bf 
java_command: c:\Users\user\.cursor\extensions\redhat.java-1.42.0-win32-x64\server\plugins\org.eclipse.equinox.launcher_1.7.0.v20250424-1814.jar -configuration c:\Users\user\AppData\Roaming\Cursor\User\globalStorage\redhat.java\1.42.0\config_win -data c:\Users\user\AppData\Roaming\Cursor\User\workspaceStorage\65b8532be40406c01fffb5a75766c800\redhat.java\jdt_ws --pipe=\\.\pipe\lsp-59340528d7d2f0f9f55f00e81a746d62-sock
java_class_path (initial): c:\Users\user\.cursor\extensions\redhat.java-1.42.0-win32-x64\server\plugins\org.eclipse.equinox.launcher_1.7.0.v20250424-1814.jar
Launcher Type: SUN_STANDARD

[Global flags]
    uintx AdaptiveSizePolicyWeight                 = 90                                        {product} {command line}
     intx CICompilerCount                          = 12                                        {product} {ergonomic}
    uintx GCTimeRatio                              = 4                                         {product} {command line}
     bool HeapDumpOnOutOfMemoryError               = true                                   {manageable} {command line}
    ccstr HeapDumpPath                             = c:\Users\user\AppData\Roaming\Cursor\User\workspaceStorage\65b8532be40406c01fffb5a75766c800\redhat.java         {manageable} {command line}
   size_t InitialHeapSize                          = 104857600                                 {product} {command line}
   size_t MaxHeapSize                              = 1073741824                                {product} {command line}
   size_t MaxNewSize                               = 357564416                                 {product} {ergonomic}
   size_t MinHeapDeltaBytes                        = 524288                                    {product} {ergonomic}
   size_t MinHeapSize                              = 104857600                                 {product} {command line}
   size_t NewSize                                  = 34603008                                  {product} {ergonomic}
    uintx NonNMethodCodeHeapSize                   = 7602480                                {pd product} {ergonomic}
    uintx NonProfiledCodeHeapSize                  = 122027880                              {pd product} {ergonomic}
   size_t OldSize                                  = 70254592                                  {product} {ergonomic}
    uintx ProfiledCodeHeapSize                     = 122027880                              {pd product} {ergonomic}
    uintx ReservedCodeCacheSize                    = 251658240                              {pd product} {ergonomic}
     bool SegmentedCodeCache                       = true                                      {product} {ergonomic}
   size_t SoftMaxHeapSize                          = 1073741824                             {manageable} {ergonomic}
     bool UseCompressedOops                        = true                           {product lp64_product} {ergonomic}
     bool UseLargePagesIndividualAllocation        = false                                  {pd product} {ergonomic}
     bool UseParallelGC                            = true                                      {product} {command line}

Logging:
Log output configuration:
 #0: stdout all=off uptime,level,tags foldmultilines=false
 #1: stderr all=off uptime,level,tags foldmultilines=false

Environment Variables:
JAVA_HOME=C:\Program Files\Java\jdk-17
PATH=c:\Users\user\AppData\Local\Programs\cursor\resources\app\bin;C:\Program Files\Common Files\Oracle\Java\javapath;C:\Windows\system32;C:\Windows;C:\Windows\System32\Wbem;C:\Windows\System32\WindowsPowerShell\v1.0\;C:\Windows\System32\OpenSSH\;C:\Program Files\MySQL\MySQL Server 8.0\bin;C:\Program Files\Git\cmd;C:\Program Files\nodejs\;C:\ProgramData\chocolatey\bin;C:\Program Files\nodejs;C:\Users\user\AppData\Local\Android\Sdk\emulator;C:\Users\user\AppData\Local\Android\Sdk\platform-tools;C:\Program Files\Java\jdk-17\bin;C:\Users\user\.cargo\bin;C:\Program Files\MySQL\MySQL Shell 8.0\bin\;C:\Users\user\AppData\Local\Programs\Python\Python313\Scripts\;C:\Users\user\AppData\Local\Programs\Python\Python313\;C:\Users\user\AppData\Local\Microsoft\WindowsApps;C:\Users\user\AppData\Local\Programs\mongosh\;C:\Users\user\AppData\Roaming\npm;C:\Users\user\AppData\Local\Programs\Windsurf\bin;C:\Users\user\AppData\Local\Programs\cursor\resources\app\bin;c:\Users\user\AppData\Local\Programs\cursor\resources\app\bin;C:\Users\user\.cargo\bin;C:\Program Files\MySQL\MySQL Shell 8.0\bin\;C:\Users\user\AppData\Local\Programs\Python\Python313\Scripts\;C:\Users\user\AppData\Local\Programs\Python\Python313\;C:\Users\user\AppData\Local\Microsoft\WindowsApps;C:\Users\user\AppData\Local\Programs\Microsoft VS Code\bin;C:\Users\user\AppData\Local\Programs\mongosh\;C:\Users\user\AppData\Roaming\npm;C:\Users\user\AppData\Local\Programs\Windsurf\bin;C:\Users\user\AppData\Local\Programs\cursor\resources\app\bin
USERNAME=user
OS=Windows_NT
PROCESSOR_IDENTIFIER=Intel64 Family 6 Model 186 Stepping 2, GenuineIntel
TMP=C:\Users\user\AppData\Local\Temp
TEMP=C:\Users\user\AppData\Local\Temp




Periodic native trim disabled

---------------  S Y S T E M  ---------------

OS:
 Windows 10 , 64 bit Build 19041 (10.0.19041.5794)
OS uptime: 3 days 18:44 hours

CPU: total 20 (initial active 20) (10 cores per cpu, 2 threads per core) family 6 model 186 stepping 2 microcode 0x411d, cx8, cmov, fxsr, ht, mmx, 3dnowpref, sse, sse2, sse3, ssse3, sse4.1, sse4.2, popcnt, lzcnt, tsc, tscinvbit, avx, avx2, aes, erms, clmul, bmi1, bmi2, adx, sha, fma, vzeroupper, clflush, clflushopt, clwb, serialize, rdtscp, rdpid, fsrm, f16c, pku, cet_ibt, cet_ss
Processor Information for processor 0
  Max Mhz: 2400, Current Mhz: 2400, Mhz Limit: 1800
Processor Information for processor 1
  Max Mhz: 2400, Current Mhz: 2400, Mhz Limit: 2400
Processor Information for processor 2
  Max Mhz: 2400, Current Mhz: 2400, Mhz Limit: 2400
Processor Information for processor 3
  Max Mhz: 2400, Current Mhz: 2400, Mhz Limit: 2400
Processor Information for processor 4
  Max Mhz: 2400, Current Mhz: 2400, Mhz Limit: 2400
Processor Information for processor 5
  Max Mhz: 2400, Current Mhz: 2400, Mhz Limit: 2400
Processor Information for processor 6
  Max Mhz: 2400, Current Mhz: 2400, Mhz Limit: 2400
Processor Information for processor 7
  Max Mhz: 2400, Current Mhz: 2400, Mhz Limit: 2400
Processor Information for processor 8
  Max Mhz: 2400, Current Mhz: 2400, Mhz Limit: 2400
Processor Information for processor 9
  Max Mhz: 2400, Current Mhz: 2400, Mhz Limit: 2400
Processor Information for processor 10
  Max Mhz: 2400, Current Mhz: 2400, Mhz Limit: 2400
Processor Information for processor 11
  Max Mhz: 2400, Current Mhz: 2400, Mhz Limit: 2400
Processor Information for processor 12
  Max Mhz: 2400, Current Mhz: 1800, Mhz Limit: 1800
Processor Information for processor 13
  Max Mhz: 2400, Current Mhz: 1800, Mhz Limit: 1800
Processor Information for processor 14
  Max Mhz: 2400, Current Mhz: 1800, Mhz Limit: 1800
Processor Information for processor 15
  Max Mhz: 2400, Current Mhz: 1800, Mhz Limit: 1800
Processor Information for processor 16
  Max Mhz: 2400, Current Mhz: 1800, Mhz Limit: 1800
Processor Information for processor 17
  Max Mhz: 2400, Current Mhz: 1800, Mhz Limit: 1800
Processor Information for processor 18
  Max Mhz: 2400, Current Mhz: 1800, Mhz Limit: 1800
Processor Information for processor 19
  Max Mhz: 2400, Current Mhz: 1800, Mhz Limit: 1800

Memory: 4k page, system-wide physical 7709M (171M free)
TotalPageFile size 31261M (AvailPageFile size 4M)
current process WorkingSet (physical memory assigned to process): 137M, peak: 137M
current process commit charge ("private bytes"): 267M, peak: 267M

vm_info: OpenJDK 64-Bit Server VM (21.0.7+6-LTS) for windows-amd64 JRE (21.0.7+6-LTS), built on 2025-04-15T00:00:00Z by "admin" with MS VC++ 17.7 (VS2022)

END.
